-------------------------------------------------------------------------------
Test set: com.eyenet.BasicIntegrationTest
-------------------------------------------------------------------------------
Tests run: 2, Failures: 0, Errors: 2, Skipped: 0, Time elapsed: 0.3 s <<< FAILURE! - in com.eyenet.BasicIntegrationTest
testMongoConnection  Time elapsed: 0 s  <<< ERROR!
java.lang.IllegalStateException: Failed to load ApplicationContext
Caused by: org.springframework.beans.factory.support.BeanDefinitionOverrideException: Invalid bean definition with name 'departmentRepository' defined in com.eyenet.repository.mongodb.DepartmentRepository defined in @EnableMongoRepositories declared on EyeNetApplication: Cannot register bean definition [Root bean: class [org.springframework.data.mongodb.repository.support.MongoRepositoryFactoryBean]; scope=; abstract=false; lazyInit=false; autowireMode=0; dependencyCheck=0; autowireCandidate=true; primary=false; factoryBeanName=null; factoryMethodName=null; initMethodName=null; destroyMethodName=null; defined in com.eyenet.repository.mongodb.DepartmentRepository defined in @EnableMongoRepositories declared on EyeNetApplication] for bean 'departmentRepository': There is already [Root bean: class [org.springframework.data.jpa.repository.support.JpaRepositoryFactoryBean]; scope=; abstract=false; lazyInit=false; autowireMode=0; dependencyCheck=0; autowireCandidate=true; primary=false; factoryBeanName=null; factoryMethodName=null; initMethodName=null; destroyMethodName=null; defined in com.eyenet.repository.jpa.DepartmentRepository defined in @EnableJpaRepositories declared on DatabaseConfig] bound.

contextLoads  Time elapsed: 0 s  <<< ERROR!
java.lang.IllegalStateException: Failed to load ApplicationContext
Caused by: org.springframework.beans.factory.support.BeanDefinitionOverrideException: Invalid bean definition with name 'alertRepository' defined in com.eyenet.repository.mongodb.AlertRepository defined in @EnableMongoRepositories declared on EyeNetApplication: Cannot register bean definition [Root bean: class [org.springframework.data.mongodb.repository.support.MongoRepositoryFactoryBean]; scope=; abstract=false; lazyInit=false; autowireMode=0; dependencyCheck=0; autowireCandidate=true; primary=false; factoryBeanName=null; factoryMethodName=null; initMethodName=null; destroyMethodName=null; defined in com.eyenet.repository.mongodb.AlertRepository defined in @EnableMongoRepositories declared on EyeNetApplication] for bean 'alertRepository': There is already [Root bean: class [org.springframework.data.jpa.repository.support.JpaRepositoryFactoryBean]; scope=; abstract=false; lazyInit=false; autowireMode=0; dependencyCheck=0; autowireCandidate=true; primary=false; factoryBeanName=null; factoryMethodName=null; initMethodName=null; destroyMethodName=null; defined in com.eyenet.repository.jpa.AlertRepository defined in @EnableJpaRepositories declared on DatabaseConfig] bound.

