-------------------------------------------------------------------------------
Test set: com.eyenet.mapper.UserMapperTest
-------------------------------------------------------------------------------
Tests run: 4, Failures: 0, Errors: 4, Skipped: 0, Time elapsed: 0.001 s <<< FAILURE! - in com.eyenet.mapper.UserMapperTest
toDTO_shouldHandleNullInput  Time elapsed: 0 s  <<< ERROR!
java.lang.Error: 
Unresolved compilation problems: 
	The method id(UUID) in the type UserDocument.UserDocumentBuilder is not applicable for the arguments (String)
	The method id(UUID) in the type UserProfileDTO.UserProfileDTOBuilder is not applicable for the arguments (String)

	at com.eyenet.mapper.UserMapperTest.setUp(UserMapperTest.java:29)

toDocument_shouldMapAllFields  Time elapsed: 0.001 s  <<< ERROR!
java.lang.Error: 
Unresolved compilation problems: 
	The method id(UUID) in the type UserDocument.UserDocumentBuilder is not applicable for the arguments (String)
	The method id(UUID) in the type UserProfileDTO.UserProfileDTOBuilder is not applicable for the arguments (String)

	at com.eyenet.mapper.UserMapperTest.setUp(UserMapperTest.java:29)

toDocument_shouldHandleNullInput  Time elapsed: 0 s  <<< ERROR!
java.lang.Error: 
Unresolved compilation problems: 
	The method id(UUID) in the type UserDocument.UserDocumentBuilder is not applicable for the arguments (String)
	The method id(UUID) in the type UserProfileDTO.UserProfileDTOBuilder is not applicable for the arguments (String)

	at com.eyenet.mapper.UserMapperTest.setUp(UserMapperTest.java:29)

toDTO_shouldMapAllFields  Time elapsed: 0 s  <<< ERROR!
java.lang.Error: 
Unresolved compilation problems: 
	The method id(UUID) in the type UserDocument.UserDocumentBuilder is not applicable for the arguments (String)
	The method id(UUID) in the type UserProfileDTO.UserProfileDTOBuilder is not applicable for the arguments (String)

	at com.eyenet.mapper.UserMapperTest.setUp(UserMapperTest.java:29)

