-------------------------------------------------------------------------------
Test set: com.eyenet.repository.FlowRuleRepositoryTest
-------------------------------------------------------------------------------
Tests run: 10, Failures: 0, Errors: 10, Skipped: 0, Time elapsed: 3.367 s <<< FAILURE! - in com.eyenet.repository.FlowRuleRepositoryTest
findById_shouldReturnRule  Time elapsed: 0.001 s  <<< ERROR!
java.lang.IllegalStateException: Failed to load ApplicationContext
Caused by: org.springframework.beans.factory.support.BeanDefinitionOverrideException: Invalid bean definition with name 'departmentRepository' defined in com.eyenet.repository.jpa.DepartmentRepository defined in @EnableJpaRepositories declared on EyeNetApplication: Cannot register bean definition [Root bean: class [org.springframework.data.jpa.repository.support.JpaRepositoryFactoryBean]; scope=; abstract=false; lazyInit=false; autowireMode=0; dependencyCheck=0; autowireCandidate=true; primary=false; factoryBeanName=null; factoryMethodName=null; initMethodName=null; destroyMethodName=null; defined in com.eyenet.repository.jpa.DepartmentRepository defined in @EnableJpaRepositories declared on EyeNetApplication] for bean 'departmentRepository': There is already [Root bean: class [org.springframework.data.mongodb.repository.support.MongoRepositoryFactoryBean]; scope=; abstract=false; lazyInit=false; autowireMode=0; dependencyCheck=0; autowireCandidate=true; primary=false; factoryBeanName=null; factoryMethodName=null; initMethodName=null; destroyMethodName=null; defined in com.eyenet.repository.mongodb.DepartmentRepository defined in @EnableMongoRepositories declared on EyeNetApplication] bound.

findByDeviceId_shouldReturnRules  Time elapsed: 0.001 s  <<< ERROR!
java.lang.IllegalStateException: Failed to load ApplicationContext
Caused by: org.springframework.beans.factory.support.BeanDefinitionOverrideException: Invalid bean definition with name 'alertRepository' defined in com.eyenet.repository.jpa.AlertRepository defined in @EnableJpaRepositories declared on EyeNetApplication: Cannot register bean definition [Root bean: class [org.springframework.data.jpa.repository.support.JpaRepositoryFactoryBean]; scope=; abstract=false; lazyInit=false; autowireMode=0; dependencyCheck=0; autowireCandidate=true; primary=false; factoryBeanName=null; factoryMethodName=null; initMethodName=null; destroyMethodName=null; defined in com.eyenet.repository.jpa.AlertRepository defined in @EnableJpaRepositories declared on EyeNetApplication] for bean 'alertRepository': There is already [Root bean: class [org.springframework.data.mongodb.repository.support.MongoRepositoryFactoryBean]; scope=; abstract=false; lazyInit=false; autowireMode=0; dependencyCheck=0; autowireCandidate=true; primary=false; factoryBeanName=null; factoryMethodName=null; initMethodName=null; destroyMethodName=null; defined in com.eyenet.repository.mongodb.AlertRepository defined in @EnableMongoRepositories declared on EyeNetApplication] bound.

findAll_withPagination_shouldReturnPagedRules  Time elapsed: 0 s  <<< ERROR!
java.lang.IllegalStateException: Failed to load ApplicationContext
Caused by: org.springframework.beans.factory.support.BeanDefinitionOverrideException: Invalid bean definition with name 'departmentRepository' defined in com.eyenet.repository.jpa.DepartmentRepository defined in @EnableJpaRepositories declared on EyeNetApplication: Cannot register bean definition [Root bean: class [org.springframework.data.jpa.repository.support.JpaRepositoryFactoryBean]; scope=; abstract=false; lazyInit=false; autowireMode=0; dependencyCheck=0; autowireCandidate=true; primary=false; factoryBeanName=null; factoryMethodName=null; initMethodName=null; destroyMethodName=null; defined in com.eyenet.repository.jpa.DepartmentRepository defined in @EnableJpaRepositories declared on EyeNetApplication] for bean 'departmentRepository': There is already [Root bean: class [org.springframework.data.mongodb.repository.support.MongoRepositoryFactoryBean]; scope=; abstract=false; lazyInit=false; autowireMode=0; dependencyCheck=0; autowireCandidate=true; primary=false; factoryBeanName=null; factoryMethodName=null; initMethodName=null; destroyMethodName=null; defined in com.eyenet.repository.mongodb.DepartmentRepository defined in @EnableMongoRepositories declared on EyeNetApplication] bound.

save_shouldCreateNewRule  Time elapsed: 0 s  <<< ERROR!
java.lang.IllegalStateException: Failed to load ApplicationContext
Caused by: org.springframework.beans.factory.support.BeanDefinitionOverrideException: Invalid bean definition with name 'alertRuleRepository' defined in com.eyenet.repository.jpa.AlertRuleRepository defined in @EnableJpaRepositories declared on EyeNetApplication: Cannot register bean definition [Root bean: class [org.springframework.data.jpa.repository.support.JpaRepositoryFactoryBean]; scope=; abstract=false; lazyInit=false; autowireMode=0; dependencyCheck=0; autowireCandidate=true; primary=false; factoryBeanName=null; factoryMethodName=null; initMethodName=null; destroyMethodName=null; defined in com.eyenet.repository.jpa.AlertRuleRepository defined in @EnableJpaRepositories declared on EyeNetApplication] for bean 'alertRuleRepository': There is already [Root bean: class [org.springframework.data.mongodb.repository.support.MongoRepositoryFactoryBean]; scope=; abstract=false; lazyInit=false; autowireMode=0; dependencyCheck=0; autowireCandidate=true; primary=false; factoryBeanName=null; factoryMethodName=null; initMethodName=null; destroyMethodName=null; defined in com.eyenet.repository.mongodb.AlertRuleRepository defined in @EnableMongoRepositories declared on EyeNetApplication] bound.

findByDeviceIdAndTableId_shouldReturnRules  Time elapsed: 0 s  <<< ERROR!
java.lang.IllegalStateException: Failed to load ApplicationContext
Caused by: org.springframework.beans.factory.support.BeanDefinitionOverrideException: Invalid bean definition with name 'departmentRepository' defined in com.eyenet.repository.jpa.DepartmentRepository defined in @EnableJpaRepositories declared on EyeNetApplication: Cannot register bean definition [Root bean: class [org.springframework.data.jpa.repository.support.JpaRepositoryFactoryBean]; scope=; abstract=false; lazyInit=false; autowireMode=0; dependencyCheck=0; autowireCandidate=true; primary=false; factoryBeanName=null; factoryMethodName=null; initMethodName=null; destroyMethodName=null; defined in com.eyenet.repository.jpa.DepartmentRepository defined in @EnableJpaRepositories declared on EyeNetApplication] for bean 'departmentRepository': There is already [Root bean: class [org.springframework.data.mongodb.repository.support.MongoRepositoryFactoryBean]; scope=; abstract=false; lazyInit=false; autowireMode=0; dependencyCheck=0; autowireCandidate=true; primary=false; factoryBeanName=null; factoryMethodName=null; initMethodName=null; destroyMethodName=null; defined in com.eyenet.repository.mongodb.DepartmentRepository defined in @EnableMongoRepositories declared on EyeNetApplication] bound.

findByTableId_shouldReturnRules  Time elapsed: 0 s  <<< ERROR!
java.lang.IllegalStateException: Failed to load ApplicationContext
Caused by: org.springframework.beans.factory.support.BeanDefinitionOverrideException: Invalid bean definition with name 'alertRepository' defined in com.eyenet.repository.jpa.AlertRepository defined in @EnableJpaRepositories declared on EyeNetApplication: Cannot register bean definition [Root bean: class [org.springframework.data.jpa.repository.support.JpaRepositoryFactoryBean]; scope=; abstract=false; lazyInit=false; autowireMode=0; dependencyCheck=0; autowireCandidate=true; primary=false; factoryBeanName=null; factoryMethodName=null; initMethodName=null; destroyMethodName=null; defined in com.eyenet.repository.jpa.AlertRepository defined in @EnableJpaRepositories declared on EyeNetApplication] for bean 'alertRepository': There is already [Root bean: class [org.springframework.data.mongodb.repository.support.MongoRepositoryFactoryBean]; scope=; abstract=false; lazyInit=false; autowireMode=0; dependencyCheck=0; autowireCandidate=true; primary=false; factoryBeanName=null; factoryMethodName=null; initMethodName=null; destroyMethodName=null; defined in com.eyenet.repository.mongodb.AlertRepository defined in @EnableMongoRepositories declared on EyeNetApplication] bound.

findByDeviceIdAndEnabled_shouldReturnRules  Time elapsed: 0.001 s  <<< ERROR!
java.lang.IllegalStateException: Failed to load ApplicationContext
Caused by: org.springframework.beans.factory.support.BeanDefinitionOverrideException: Invalid bean definition with name 'alertRepository' defined in com.eyenet.repository.jpa.AlertRepository defined in @EnableJpaRepositories declared on EyeNetApplication: Cannot register bean definition [Root bean: class [org.springframework.data.jpa.repository.support.JpaRepositoryFactoryBean]; scope=; abstract=false; lazyInit=false; autowireMode=0; dependencyCheck=0; autowireCandidate=true; primary=false; factoryBeanName=null; factoryMethodName=null; initMethodName=null; destroyMethodName=null; defined in com.eyenet.repository.jpa.AlertRepository defined in @EnableJpaRepositories declared on EyeNetApplication] for bean 'alertRepository': There is already [Root bean: class [org.springframework.data.mongodb.repository.support.MongoRepositoryFactoryBean]; scope=; abstract=false; lazyInit=false; autowireMode=0; dependencyCheck=0; autowireCandidate=true; primary=false; factoryBeanName=null; factoryMethodName=null; initMethodName=null; destroyMethodName=null; defined in com.eyenet.repository.mongodb.AlertRepository defined in @EnableMongoRepositories declared on EyeNetApplication] bound.

findByEnabled_shouldReturnRules  Time elapsed: 0 s  <<< ERROR!
java.lang.IllegalStateException: Failed to load ApplicationContext
Caused by: org.springframework.beans.factory.support.BeanDefinitionOverrideException: Invalid bean definition with name 'alertRuleRepository' defined in com.eyenet.repository.jpa.AlertRuleRepository defined in @EnableJpaRepositories declared on EyeNetApplication: Cannot register bean definition [Root bean: class [org.springframework.data.jpa.repository.support.JpaRepositoryFactoryBean]; scope=; abstract=false; lazyInit=false; autowireMode=0; dependencyCheck=0; autowireCandidate=true; primary=false; factoryBeanName=null; factoryMethodName=null; initMethodName=null; destroyMethodName=null; defined in com.eyenet.repository.jpa.AlertRuleRepository defined in @EnableJpaRepositories declared on EyeNetApplication] for bean 'alertRuleRepository': There is already [Root bean: class [org.springframework.data.mongodb.repository.support.MongoRepositoryFactoryBean]; scope=; abstract=false; lazyInit=false; autowireMode=0; dependencyCheck=0; autowireCandidate=true; primary=false; factoryBeanName=null; factoryMethodName=null; initMethodName=null; destroyMethodName=null; defined in com.eyenet.repository.mongodb.AlertRuleRepository defined in @EnableMongoRepositories declared on EyeNetApplication] bound.

findByPriority_shouldReturnRules  Time elapsed: 0 s  <<< ERROR!
java.lang.IllegalStateException: Failed to load ApplicationContext
Caused by: org.springframework.beans.factory.support.BeanDefinitionOverrideException: Invalid bean definition with name 'alertRepository' defined in com.eyenet.repository.jpa.AlertRepository defined in @EnableJpaRepositories declared on EyeNetApplication: Cannot register bean definition [Root bean: class [org.springframework.data.jpa.repository.support.JpaRepositoryFactoryBean]; scope=; abstract=false; lazyInit=false; autowireMode=0; dependencyCheck=0; autowireCandidate=true; primary=false; factoryBeanName=null; factoryMethodName=null; initMethodName=null; destroyMethodName=null; defined in com.eyenet.repository.jpa.AlertRepository defined in @EnableJpaRepositories declared on EyeNetApplication] for bean 'alertRepository': There is already [Root bean: class [org.springframework.data.mongodb.repository.support.MongoRepositoryFactoryBean]; scope=; abstract=false; lazyInit=false; autowireMode=0; dependencyCheck=0; autowireCandidate=true; primary=false; factoryBeanName=null; factoryMethodName=null; initMethodName=null; destroyMethodName=null; defined in com.eyenet.repository.mongodb.AlertRepository defined in @EnableMongoRepositories declared on EyeNetApplication] bound.

delete_shouldRemoveRule  Time elapsed: 0.001 s  <<< ERROR!
java.lang.IllegalStateException: Failed to load ApplicationContext
Caused by: org.springframework.beans.factory.support.BeanDefinitionOverrideException: Invalid bean definition with name 'alertRepository' defined in com.eyenet.repository.jpa.AlertRepository defined in @EnableJpaRepositories declared on EyeNetApplication: Cannot register bean definition [Root bean: class [org.springframework.data.jpa.repository.support.JpaRepositoryFactoryBean]; scope=; abstract=false; lazyInit=false; autowireMode=0; dependencyCheck=0; autowireCandidate=true; primary=false; factoryBeanName=null; factoryMethodName=null; initMethodName=null; destroyMethodName=null; defined in com.eyenet.repository.jpa.AlertRepository defined in @EnableJpaRepositories declared on EyeNetApplication] for bean 'alertRepository': There is already [Root bean: class [org.springframework.data.mongodb.repository.support.MongoRepositoryFactoryBean]; scope=; abstract=false; lazyInit=false; autowireMode=0; dependencyCheck=0; autowireCandidate=true; primary=false; factoryBeanName=null; factoryMethodName=null; initMethodName=null; destroyMethodName=null; defined in com.eyenet.repository.mongodb.AlertRepository defined in @EnableMongoRepositories declared on EyeNetApplication] bound.

