-------------------------------------------------------------------------------
Test set: com.eyenet.mapper.FlowRuleMapperTest
-------------------------------------------------------------------------------
Tests run: 4, Failures: 0, Errors: 4, Skipped: 0, Time elapsed: 0.006 s <<< FAILURE! - in com.eyenet.mapper.FlowRuleMapperTest
toDTO_shouldHandleNullInput  Time elapsed: 0.002 s  <<< ERROR!
java.lang.Error: 
Unresolved compilation problems: 
	The constructor FlowRuleMapper() is undefined
	The method id(UUID) in the type FlowRuleDocument.FlowRuleDocumentBuilder is not applicable for the arguments (String)
	The method id(UUID) in the type FlowRuleDTO.FlowRuleDTOBuilder is not applicable for the arguments (String)

	at com.eyenet.mapper.FlowRuleMapperTest.setUp(FlowRuleMapperTest.java:22)

toDocument_shouldMapAllFields  Time elapsed: 0 s  <<< ERROR!
java.lang.Error: 
Unresolved compilation problems: 
	The constructor FlowRuleMapper() is undefined
	The method id(UUID) in the type FlowRuleDocument.FlowRuleDocumentBuilder is not applicable for the arguments (String)
	The method id(UUID) in the type FlowRuleDTO.FlowRuleDTOBuilder is not applicable for the arguments (String)

	at com.eyenet.mapper.FlowRuleMapperTest.setUp(FlowRuleMapperTest.java:22)

toDocument_shouldHandleNullInput  Time elapsed: 0.001 s  <<< ERROR!
java.lang.Error: 
Unresolved compilation problems: 
	The constructor FlowRuleMapper() is undefined
	The method id(UUID) in the type FlowRuleDocument.FlowRuleDocumentBuilder is not applicable for the arguments (String)
	The method id(UUID) in the type FlowRuleDTO.FlowRuleDTOBuilder is not applicable for the arguments (String)

	at com.eyenet.mapper.FlowRuleMapperTest.setUp(FlowRuleMapperTest.java:22)

toDTO_shouldMapAllFields  Time elapsed: 0.001 s  <<< ERROR!
java.lang.Error: 
Unresolved compilation problems: 
	The constructor FlowRuleMapper() is undefined
	The method id(UUID) in the type FlowRuleDocument.FlowRuleDocumentBuilder is not applicable for the arguments (String)
	The method id(UUID) in the type FlowRuleDTO.FlowRuleDTOBuilder is not applicable for the arguments (String)

	at com.eyenet.mapper.FlowRuleMapperTest.setUp(FlowRuleMapperTest.java:22)

