-------------------------------------------------------------------------------
Test set: com.eyenet.service.DepartmentDashboardServiceTest
-------------------------------------------------------------------------------
Tests run: 3, Failures: 0, Errors: 3, Skipped: 0, Time elapsed: 0.722 s <<< FAILURE! - in com.eyenet.service.DepartmentDashboardServiceTest
getNetworkMetrics_ShouldReturnMetricsForPeriod  Time elapsed: 0.718 s  <<< ERROR!
java.lang.Error: 
Unresolved compilation problems: 
	The method findByDepartmentIdAndTimestampBetweenOrderByTimestampDesc(UUID, LocalDateTime, LocalDateTime) is undefined for the type NetworkMetricsDocumentRepository
	Type mismatch: cannot convert from NetworkMetricsDTO to List<NetworkMetricsDocument>

	at com.eyenet.service.DepartmentDashboardServiceTest.getNetworkMetrics_ShouldReturnMetricsForPeriod(DepartmentDashboardServiceTest.java:102)

getPerformanceMetrics_ShouldReturnMetricsForPeriod  Time elapsed: 0.002 s  <<< ERROR!
java.lang.Error: 
Unresolved compilation problem: 
	The method getPerformanceMetrics(UUID, LocalDateTime, LocalDateTime) is undefined for the type DepartmentDashboardService

	at com.eyenet.service.DepartmentDashboardServiceTest.getPerformanceMetrics_ShouldReturnMetricsForPeriod(DepartmentDashboardServiceTest.java:87)

getDepartmentMetrics_ShouldReturnAllMetrics  Time elapsed: 0.002 s  <<< ERROR!
java.lang.Error: 
Unresolved compilation problems: 
	The method findByDepartmentIdAndTimestampBetweenOrderByTimestampDesc(any(), any(), any()) is undefined for the type NetworkMetricsDocumentRepository
	The method findByDepartmentIdAndTimestampBetweenOrderByTimestampDesc(any(), any(), any()) is undefined for the type SecurityMetricsDocumentRepository
	The method findByDepartmentIdAndTimestampBetweenOrderByTimestampDesc(any(), any(), any()) is undefined for the type TrafficAnalyticsDocumentRepository
	Type mismatch: cannot convert from DashboardMetricsDTO to Map<String,Object>

	at com.eyenet.service.DepartmentDashboardServiceTest.getDepartmentMetrics_ShouldReturnAllMetrics(DepartmentDashboardServiceTest.java:54)

