-------------------------------------------------------------------------------
Test set: com.eyenet.repository.AlertRepositoryTest
-------------------------------------------------------------------------------
Tests run: 13, Failures: 0, Errors: 13, Skipped: 0, Time elapsed: 4.678 s <<< FAILURE! - in com.eyenet.repository.AlertRepositoryTest
findBySeverity_shouldReturnAlerts  Time elapsed: 0 s  <<< ERROR!
java.lang.IllegalStateException: Failed to load ApplicationContext
Caused by: org.springframework.beans.factory.support.BeanDefinitionOverrideException: Invalid bean definition with name 'alertRepository' defined in com.eyenet.repository.jpa.AlertRepository defined in @EnableJpaRepositories declared on EyeNetApplication: Cannot register bean definition [Root bean: class [org.springframework.data.jpa.repository.support.JpaRepositoryFactoryBean]; scope=; abstract=false; lazyInit=false; autowireMode=0; dependencyCheck=0; autowireCandidate=true; primary=false; factoryBeanName=null; factoryMethodName=null; initMethodName=null; destroyMethodName=null; defined in com.eyenet.repository.jpa.AlertRepository defined in @EnableJpaRepositories declared on EyeNetApplication] for bean 'alertRepository': There is already [Root bean: class [org.springframework.data.mongodb.repository.support.MongoRepositoryFactoryBean]; scope=; abstract=false; lazyInit=false; autowireMode=0; dependencyCheck=0; autowireCandidate=true; primary=false; factoryBeanName=null; factoryMethodName=null; initMethodName=null; destroyMethodName=null; defined in com.eyenet.repository.mongodb.AlertRepository defined in @EnableMongoRepositories declared on EyeNetApplication] bound.

findByDeviceId_shouldReturnAlerts  Time elapsed: 0.04 s  <<< ERROR!
java.lang.IllegalStateException: Failed to load ApplicationContext
Caused by: org.springframework.beans.factory.support.BeanDefinitionOverrideException: Invalid bean definition with name 'alertRuleRepository' defined in com.eyenet.repository.jpa.AlertRuleRepository defined in @EnableJpaRepositories declared on EyeNetApplication: Cannot register bean definition [Root bean: class [org.springframework.data.jpa.repository.support.JpaRepositoryFactoryBean]; scope=; abstract=false; lazyInit=false; autowireMode=0; dependencyCheck=0; autowireCandidate=true; primary=false; factoryBeanName=null; factoryMethodName=null; initMethodName=null; destroyMethodName=null; defined in com.eyenet.repository.jpa.AlertRuleRepository defined in @EnableJpaRepositories declared on EyeNetApplication] for bean 'alertRuleRepository': There is already [Root bean: class [org.springframework.data.mongodb.repository.support.MongoRepositoryFactoryBean]; scope=; abstract=false; lazyInit=false; autowireMode=0; dependencyCheck=0; autowireCandidate=true; primary=false; factoryBeanName=null; factoryMethodName=null; initMethodName=null; destroyMethodName=null; defined in com.eyenet.repository.mongodb.AlertRuleRepository defined in @EnableMongoRepositories declared on EyeNetApplication] bound.

findAll_withPagination_shouldReturnPagedAlerts  Time elapsed: 0.003 s  <<< ERROR!
java.lang.IllegalStateException: Failed to load ApplicationContext
Caused by: org.springframework.beans.factory.support.BeanDefinitionOverrideException: Invalid bean definition with name 'departmentRepository' defined in com.eyenet.repository.jpa.DepartmentRepository defined in @EnableJpaRepositories declared on EyeNetApplication: Cannot register bean definition [Root bean: class [org.springframework.data.jpa.repository.support.JpaRepositoryFactoryBean]; scope=; abstract=false; lazyInit=false; autowireMode=0; dependencyCheck=0; autowireCandidate=true; primary=false; factoryBeanName=null; factoryMethodName=null; initMethodName=null; destroyMethodName=null; defined in com.eyenet.repository.jpa.DepartmentRepository defined in @EnableJpaRepositories declared on EyeNetApplication] for bean 'departmentRepository': There is already [Root bean: class [org.springframework.data.mongodb.repository.support.MongoRepositoryFactoryBean]; scope=; abstract=false; lazyInit=false; autowireMode=0; dependencyCheck=0; autowireCandidate=true; primary=false; factoryBeanName=null; factoryMethodName=null; initMethodName=null; destroyMethodName=null; defined in com.eyenet.repository.mongodb.DepartmentRepository defined in @EnableMongoRepositories declared on EyeNetApplication] bound.

findByDeviceIdAndSeverity_shouldReturnAlerts  Time elapsed: 0.001 s  <<< ERROR!
java.lang.IllegalStateException: Failed to load ApplicationContext
Caused by: org.springframework.beans.factory.support.BeanDefinitionOverrideException: Invalid bean definition with name 'departmentRepository' defined in com.eyenet.repository.jpa.DepartmentRepository defined in @EnableJpaRepositories declared on EyeNetApplication: Cannot register bean definition [Root bean: class [org.springframework.data.jpa.repository.support.JpaRepositoryFactoryBean]; scope=; abstract=false; lazyInit=false; autowireMode=0; dependencyCheck=0; autowireCandidate=true; primary=false; factoryBeanName=null; factoryMethodName=null; initMethodName=null; destroyMethodName=null; defined in com.eyenet.repository.jpa.DepartmentRepository defined in @EnableJpaRepositories declared on EyeNetApplication] for bean 'departmentRepository': There is already [Root bean: class [org.springframework.data.mongodb.repository.support.MongoRepositoryFactoryBean]; scope=; abstract=false; lazyInit=false; autowireMode=0; dependencyCheck=0; autowireCandidate=true; primary=false; factoryBeanName=null; factoryMethodName=null; initMethodName=null; destroyMethodName=null; defined in com.eyenet.repository.mongodb.DepartmentRepository defined in @EnableMongoRepositories declared on EyeNetApplication] bound.

findByStatus_shouldReturnAlerts  Time elapsed: 0 s  <<< ERROR!
java.lang.IllegalStateException: Failed to load ApplicationContext
Caused by: org.springframework.beans.factory.support.BeanDefinitionOverrideException: Invalid bean definition with name 'alertRuleRepository' defined in com.eyenet.repository.jpa.AlertRuleRepository defined in @EnableJpaRepositories declared on EyeNetApplication: Cannot register bean definition [Root bean: class [org.springframework.data.jpa.repository.support.JpaRepositoryFactoryBean]; scope=; abstract=false; lazyInit=false; autowireMode=0; dependencyCheck=0; autowireCandidate=true; primary=false; factoryBeanName=null; factoryMethodName=null; initMethodName=null; destroyMethodName=null; defined in com.eyenet.repository.jpa.AlertRuleRepository defined in @EnableJpaRepositories declared on EyeNetApplication] for bean 'alertRuleRepository': There is already [Root bean: class [org.springframework.data.mongodb.repository.support.MongoRepositoryFactoryBean]; scope=; abstract=false; lazyInit=false; autowireMode=0; dependencyCheck=0; autowireCandidate=true; primary=false; factoryBeanName=null; factoryMethodName=null; initMethodName=null; destroyMethodName=null; defined in com.eyenet.repository.mongodb.AlertRuleRepository defined in @EnableMongoRepositories declared on EyeNetApplication] bound.

findById_shouldReturnAlert  Time elapsed: 0.046 s  <<< ERROR!
java.lang.IllegalStateException: Failed to load ApplicationContext
Caused by: org.springframework.beans.factory.support.BeanDefinitionOverrideException: Invalid bean definition with name 'departmentRepository' defined in com.eyenet.repository.jpa.DepartmentRepository defined in @EnableJpaRepositories declared on EyeNetApplication: Cannot register bean definition [Root bean: class [org.springframework.data.jpa.repository.support.JpaRepositoryFactoryBean]; scope=; abstract=false; lazyInit=false; autowireMode=0; dependencyCheck=0; autowireCandidate=true; primary=false; factoryBeanName=null; factoryMethodName=null; initMethodName=null; destroyMethodName=null; defined in com.eyenet.repository.jpa.DepartmentRepository defined in @EnableJpaRepositories declared on EyeNetApplication] for bean 'departmentRepository': There is already [Root bean: class [org.springframework.data.mongodb.repository.support.MongoRepositoryFactoryBean]; scope=; abstract=false; lazyInit=false; autowireMode=0; dependencyCheck=0; autowireCandidate=true; primary=false; factoryBeanName=null; factoryMethodName=null; initMethodName=null; destroyMethodName=null; defined in com.eyenet.repository.mongodb.DepartmentRepository defined in @EnableMongoRepositories declared on EyeNetApplication] bound.

findByTimestampBetween_shouldReturnAlerts  Time elapsed: 0 s  <<< ERROR!
java.lang.IllegalStateException: Failed to load ApplicationContext
Caused by: org.springframework.beans.factory.support.BeanDefinitionOverrideException: Invalid bean definition with name 'alertRuleRepository' defined in com.eyenet.repository.jpa.AlertRuleRepository defined in @EnableJpaRepositories declared on EyeNetApplication: Cannot register bean definition [Root bean: class [org.springframework.data.jpa.repository.support.JpaRepositoryFactoryBean]; scope=; abstract=false; lazyInit=false; autowireMode=0; dependencyCheck=0; autowireCandidate=true; primary=false; factoryBeanName=null; factoryMethodName=null; initMethodName=null; destroyMethodName=null; defined in com.eyenet.repository.jpa.AlertRuleRepository defined in @EnableJpaRepositories declared on EyeNetApplication] for bean 'alertRuleRepository': There is already [Root bean: class [org.springframework.data.mongodb.repository.support.MongoRepositoryFactoryBean]; scope=; abstract=false; lazyInit=false; autowireMode=0; dependencyCheck=0; autowireCandidate=true; primary=false; factoryBeanName=null; factoryMethodName=null; initMethodName=null; destroyMethodName=null; defined in com.eyenet.repository.mongodb.AlertRuleRepository defined in @EnableMongoRepositories declared on EyeNetApplication] bound.

findByAcknowledged_shouldReturnAlerts  Time elapsed: 0 s  <<< ERROR!
java.lang.IllegalStateException: Failed to load ApplicationContext
Caused by: org.springframework.beans.factory.support.BeanDefinitionOverrideException: Invalid bean definition with name 'alertRuleRepository' defined in com.eyenet.repository.jpa.AlertRuleRepository defined in @EnableJpaRepositories declared on EyeNetApplication: Cannot register bean definition [Root bean: class [org.springframework.data.jpa.repository.support.JpaRepositoryFactoryBean]; scope=; abstract=false; lazyInit=false; autowireMode=0; dependencyCheck=0; autowireCandidate=true; primary=false; factoryBeanName=null; factoryMethodName=null; initMethodName=null; destroyMethodName=null; defined in com.eyenet.repository.jpa.AlertRuleRepository defined in @EnableJpaRepositories declared on EyeNetApplication] for bean 'alertRuleRepository': There is already [Root bean: class [org.springframework.data.mongodb.repository.support.MongoRepositoryFactoryBean]; scope=; abstract=false; lazyInit=false; autowireMode=0; dependencyCheck=0; autowireCandidate=true; primary=false; factoryBeanName=null; factoryMethodName=null; initMethodName=null; destroyMethodName=null; defined in com.eyenet.repository.mongodb.AlertRuleRepository defined in @EnableMongoRepositories declared on EyeNetApplication] bound.

save_shouldCreateNewAlert  Time elapsed: 0 s  <<< ERROR!
java.lang.IllegalStateException: Failed to load ApplicationContext
Caused by: org.springframework.beans.factory.support.BeanDefinitionOverrideException: Invalid bean definition with name 'alertRepository' defined in com.eyenet.repository.jpa.AlertRepository defined in @EnableJpaRepositories declared on EyeNetApplication: Cannot register bean definition [Root bean: class [org.springframework.data.jpa.repository.support.JpaRepositoryFactoryBean]; scope=; abstract=false; lazyInit=false; autowireMode=0; dependencyCheck=0; autowireCandidate=true; primary=false; factoryBeanName=null; factoryMethodName=null; initMethodName=null; destroyMethodName=null; defined in com.eyenet.repository.jpa.AlertRepository defined in @EnableJpaRepositories declared on EyeNetApplication] for bean 'alertRepository': There is already [Root bean: class [org.springframework.data.mongodb.repository.support.MongoRepositoryFactoryBean]; scope=; abstract=false; lazyInit=false; autowireMode=0; dependencyCheck=0; autowireCandidate=true; primary=false; factoryBeanName=null; factoryMethodName=null; initMethodName=null; destroyMethodName=null; defined in com.eyenet.repository.mongodb.AlertRepository defined in @EnableMongoRepositories declared on EyeNetApplication] bound.

findByDeviceIdAndTimestampBetween_shouldReturnAlerts  Time elapsed: 0.001 s  <<< ERROR!
java.lang.IllegalStateException: Failed to load ApplicationContext
Caused by: org.springframework.beans.factory.support.BeanDefinitionOverrideException: Invalid bean definition with name 'alertRuleRepository' defined in com.eyenet.repository.jpa.AlertRuleRepository defined in @EnableJpaRepositories declared on EyeNetApplication: Cannot register bean definition [Root bean: class [org.springframework.data.jpa.repository.support.JpaRepositoryFactoryBean]; scope=; abstract=false; lazyInit=false; autowireMode=0; dependencyCheck=0; autowireCandidate=true; primary=false; factoryBeanName=null; factoryMethodName=null; initMethodName=null; destroyMethodName=null; defined in com.eyenet.repository.jpa.AlertRuleRepository defined in @EnableJpaRepositories declared on EyeNetApplication] for bean 'alertRuleRepository': There is already [Root bean: class [org.springframework.data.mongodb.repository.support.MongoRepositoryFactoryBean]; scope=; abstract=false; lazyInit=false; autowireMode=0; dependencyCheck=0; autowireCandidate=true; primary=false; factoryBeanName=null; factoryMethodName=null; initMethodName=null; destroyMethodName=null; defined in com.eyenet.repository.mongodb.AlertRuleRepository defined in @EnableMongoRepositories declared on EyeNetApplication] bound.

findByType_shouldReturnAlerts  Time elapsed: 0 s  <<< ERROR!
java.lang.IllegalStateException: Failed to load ApplicationContext
Caused by: org.springframework.beans.factory.support.BeanDefinitionOverrideException: Invalid bean definition with name 'departmentRepository' defined in com.eyenet.repository.jpa.DepartmentRepository defined in @EnableJpaRepositories declared on EyeNetApplication: Cannot register bean definition [Root bean: class [org.springframework.data.jpa.repository.support.JpaRepositoryFactoryBean]; scope=; abstract=false; lazyInit=false; autowireMode=0; dependencyCheck=0; autowireCandidate=true; primary=false; factoryBeanName=null; factoryMethodName=null; initMethodName=null; destroyMethodName=null; defined in com.eyenet.repository.jpa.DepartmentRepository defined in @EnableJpaRepositories declared on EyeNetApplication] for bean 'departmentRepository': There is already [Root bean: class [org.springframework.data.mongodb.repository.support.MongoRepositoryFactoryBean]; scope=; abstract=false; lazyInit=false; autowireMode=0; dependencyCheck=0; autowireCandidate=true; primary=false; factoryBeanName=null; factoryMethodName=null; initMethodName=null; destroyMethodName=null; defined in com.eyenet.repository.mongodb.DepartmentRepository defined in @EnableMongoRepositories declared on EyeNetApplication] bound.

findByDeviceIdAndType_shouldReturnAlerts  Time elapsed: 0 s  <<< ERROR!
java.lang.IllegalStateException: Failed to load ApplicationContext
Caused by: org.springframework.beans.factory.support.BeanDefinitionOverrideException: Invalid bean definition with name 'alertRuleRepository' defined in com.eyenet.repository.jpa.AlertRuleRepository defined in @EnableJpaRepositories declared on EyeNetApplication: Cannot register bean definition [Root bean: class [org.springframework.data.jpa.repository.support.JpaRepositoryFactoryBean]; scope=; abstract=false; lazyInit=false; autowireMode=0; dependencyCheck=0; autowireCandidate=true; primary=false; factoryBeanName=null; factoryMethodName=null; initMethodName=null; destroyMethodName=null; defined in com.eyenet.repository.jpa.AlertRuleRepository defined in @EnableJpaRepositories declared on EyeNetApplication] for bean 'alertRuleRepository': There is already [Root bean: class [org.springframework.data.mongodb.repository.support.MongoRepositoryFactoryBean]; scope=; abstract=false; lazyInit=false; autowireMode=0; dependencyCheck=0; autowireCandidate=true; primary=false; factoryBeanName=null; factoryMethodName=null; initMethodName=null; destroyMethodName=null; defined in com.eyenet.repository.mongodb.AlertRuleRepository defined in @EnableMongoRepositories declared on EyeNetApplication] bound.

delete_shouldRemoveAlert  Time elapsed: 0 s  <<< ERROR!
java.lang.IllegalStateException: Failed to load ApplicationContext
Caused by: org.springframework.beans.factory.support.BeanDefinitionOverrideException: Invalid bean definition with name 'alertRuleRepository' defined in com.eyenet.repository.jpa.AlertRuleRepository defined in @EnableJpaRepositories declared on EyeNetApplication: Cannot register bean definition [Root bean: class [org.springframework.data.jpa.repository.support.JpaRepositoryFactoryBean]; scope=; abstract=false; lazyInit=false; autowireMode=0; dependencyCheck=0; autowireCandidate=true; primary=false; factoryBeanName=null; factoryMethodName=null; initMethodName=null; destroyMethodName=null; defined in com.eyenet.repository.jpa.AlertRuleRepository defined in @EnableJpaRepositories declared on EyeNetApplication] for bean 'alertRuleRepository': There is already [Root bean: class [org.springframework.data.mongodb.repository.support.MongoRepositoryFactoryBean]; scope=; abstract=false; lazyInit=false; autowireMode=0; dependencyCheck=0; autowireCandidate=true; primary=false; factoryBeanName=null; factoryMethodName=null; initMethodName=null; destroyMethodName=null; defined in com.eyenet.repository.mongodb.AlertRuleRepository defined in @EnableMongoRepositories declared on EyeNetApplication] bound.

