-------------------------------------------------------------------------------
Test set: com.eyenet.service.FlowRuleServiceTest
-------------------------------------------------------------------------------
Tests run: 3, Failures: 0, Errors: 3, Skipped: 0, Time elapsed: 0 s <<< FAILURE! - in com.eyenet.service.FlowRuleServiceTest
createFlowRule_Success  Time elapsed: 0 s  <<< ERROR!
java.lang.Error: 
Unresolved compilation problem: 
	The constructor FlowRuleService(FlowRuleRepository, Map<ChannelId,Channel>, ObjectMapper) is undefined

	at com.eyenet.service.FlowRuleServiceTest.setUp(FlowRuleServiceTest.java:42)

getFlowRulesBySwitchId_Success  Time elapsed: 0 s  <<< ERROR!
java.lang.Error: 
Unresolved compilation problem: 
	The constructor FlowRuleService(FlowRuleRepository, Map<ChannelId,Channel>, ObjectMapper) is undefined

	at com.eyenet.service.FlowRuleServiceTest.setUp(FlowRuleServiceTest.java:42)

deleteFlowRule_Success  Time elapsed: 0 s  <<< ERROR!
java.lang.Error: 
Unresolved compilation problem: 
	The constructor FlowRuleService(FlowRuleRepository, Map<ChannelId,Channel>, ObjectMapper) is undefined

	at com.eyenet.service.FlowRuleServiceTest.setUp(FlowRuleServiceTest.java:42)

