-------------------------------------------------------------------------------
Test set: com.eyenet.repository.PerformanceMetricsRepositoryTest
-------------------------------------------------------------------------------
Tests run: 12, Failures: 0, Errors: 12, Skipped: 0, Time elapsed: 7.786 s <<< FAILURE! - in com.eyenet.repository.PerformanceMetricsRepositoryTest
findByCpuUsageGreaterThan_shouldReturnMetrics  Time elapsed: 0 s  <<< ERROR!
java.lang.IllegalStateException: Failed to load ApplicationContext
Caused by: org.springframework.beans.factory.support.BeanDefinitionOverrideException: Invalid bean definition with name 'alertRepository' defined in com.eyenet.repository.jpa.AlertRepository defined in @EnableJpaRepositories declared on EyeNetApplication: Cannot register bean definition [Root bean: class [org.springframework.data.jpa.repository.support.JpaRepositoryFactoryBean]; scope=; abstract=false; lazyInit=false; autowireMode=0; dependencyCheck=0; autowireCandidate=true; primary=false; factoryBeanName=null; factoryMethodName=null; initMethodName=null; destroyMethodName=null; defined in com.eyenet.repository.jpa.AlertRepository defined in @EnableJpaRepositories declared on EyeNetApplication] for bean 'alertRepository': There is already [Root bean: class [org.springframework.data.mongodb.repository.support.MongoRepositoryFactoryBean]; scope=; abstract=false; lazyInit=false; autowireMode=0; dependencyCheck=0; autowireCandidate=true; primary=false; factoryBeanName=null; factoryMethodName=null; initMethodName=null; destroyMethodName=null; defined in com.eyenet.repository.mongodb.AlertRepository defined in @EnableMongoRepositories declared on EyeNetApplication] bound.

findAll_withPagination_shouldReturnPagedMetrics  Time elapsed: 0 s  <<< ERROR!
java.lang.IllegalStateException: Failed to load ApplicationContext
Caused by: org.springframework.beans.factory.support.BeanDefinitionOverrideException: Invalid bean definition with name 'departmentRepository' defined in com.eyenet.repository.jpa.DepartmentRepository defined in @EnableJpaRepositories declared on EyeNetApplication: Cannot register bean definition [Root bean: class [org.springframework.data.jpa.repository.support.JpaRepositoryFactoryBean]; scope=; abstract=false; lazyInit=false; autowireMode=0; dependencyCheck=0; autowireCandidate=true; primary=false; factoryBeanName=null; factoryMethodName=null; initMethodName=null; destroyMethodName=null; defined in com.eyenet.repository.jpa.DepartmentRepository defined in @EnableJpaRepositories declared on EyeNetApplication] for bean 'departmentRepository': There is already [Root bean: class [org.springframework.data.mongodb.repository.support.MongoRepositoryFactoryBean]; scope=; abstract=false; lazyInit=false; autowireMode=0; dependencyCheck=0; autowireCandidate=true; primary=false; factoryBeanName=null; factoryMethodName=null; initMethodName=null; destroyMethodName=null; defined in com.eyenet.repository.mongodb.DepartmentRepository defined in @EnableMongoRepositories declared on EyeNetApplication] bound.

findByLatencyGreaterThan_shouldReturnMetrics  Time elapsed: 0 s  <<< ERROR!
java.lang.IllegalStateException: Failed to load ApplicationContext
Caused by: org.springframework.beans.factory.support.BeanDefinitionOverrideException: Invalid bean definition with name 'alertRepository' defined in com.eyenet.repository.jpa.AlertRepository defined in @EnableJpaRepositories declared on EyeNetApplication: Cannot register bean definition [Root bean: class [org.springframework.data.jpa.repository.support.JpaRepositoryFactoryBean]; scope=; abstract=false; lazyInit=false; autowireMode=0; dependencyCheck=0; autowireCandidate=true; primary=false; factoryBeanName=null; factoryMethodName=null; initMethodName=null; destroyMethodName=null; defined in com.eyenet.repository.jpa.AlertRepository defined in @EnableJpaRepositories declared on EyeNetApplication] for bean 'alertRepository': There is already [Root bean: class [org.springframework.data.mongodb.repository.support.MongoRepositoryFactoryBean]; scope=; abstract=false; lazyInit=false; autowireMode=0; dependencyCheck=0; autowireCandidate=true; primary=false; factoryBeanName=null; factoryMethodName=null; initMethodName=null; destroyMethodName=null; defined in com.eyenet.repository.mongodb.AlertRepository defined in @EnableMongoRepositories declared on EyeNetApplication] bound.

findByDeviceIdAndTimestampBetween_shouldReturnMetrics  Time elapsed: 0.001 s  <<< ERROR!
java.lang.IllegalStateException: Failed to load ApplicationContext
Caused by: org.springframework.beans.factory.support.BeanDefinitionOverrideException: Invalid bean definition with name 'alertRepository' defined in com.eyenet.repository.jpa.AlertRepository defined in @EnableJpaRepositories declared on EyeNetApplication: Cannot register bean definition [Root bean: class [org.springframework.data.jpa.repository.support.JpaRepositoryFactoryBean]; scope=; abstract=false; lazyInit=false; autowireMode=0; dependencyCheck=0; autowireCandidate=true; primary=false; factoryBeanName=null; factoryMethodName=null; initMethodName=null; destroyMethodName=null; defined in com.eyenet.repository.jpa.AlertRepository defined in @EnableJpaRepositories declared on EyeNetApplication] for bean 'alertRepository': There is already [Root bean: class [org.springframework.data.mongodb.repository.support.MongoRepositoryFactoryBean]; scope=; abstract=false; lazyInit=false; autowireMode=0; dependencyCheck=0; autowireCandidate=true; primary=false; factoryBeanName=null; factoryMethodName=null; initMethodName=null; destroyMethodName=null; defined in com.eyenet.repository.mongodb.AlertRepository defined in @EnableMongoRepositories declared on EyeNetApplication] bound.

findByDeviceId_shouldReturnMetrics  Time elapsed: 0 s  <<< ERROR!
java.lang.IllegalStateException: Failed to load ApplicationContext
Caused by: org.springframework.beans.factory.support.BeanDefinitionOverrideException: Invalid bean definition with name 'alertRepository' defined in com.eyenet.repository.jpa.AlertRepository defined in @EnableJpaRepositories declared on EyeNetApplication: Cannot register bean definition [Root bean: class [org.springframework.data.jpa.repository.support.JpaRepositoryFactoryBean]; scope=; abstract=false; lazyInit=false; autowireMode=0; dependencyCheck=0; autowireCandidate=true; primary=false; factoryBeanName=null; factoryMethodName=null; initMethodName=null; destroyMethodName=null; defined in com.eyenet.repository.jpa.AlertRepository defined in @EnableJpaRepositories declared on EyeNetApplication] for bean 'alertRepository': There is already [Root bean: class [org.springframework.data.mongodb.repository.support.MongoRepositoryFactoryBean]; scope=; abstract=false; lazyInit=false; autowireMode=0; dependencyCheck=0; autowireCandidate=true; primary=false; factoryBeanName=null; factoryMethodName=null; initMethodName=null; destroyMethodName=null; defined in com.eyenet.repository.mongodb.AlertRepository defined in @EnableMongoRepositories declared on EyeNetApplication] bound.

findByPacketLossGreaterThan_shouldReturnMetrics  Time elapsed: 0.001 s  <<< ERROR!
java.lang.IllegalStateException: Failed to load ApplicationContext
Caused by: org.springframework.beans.factory.support.BeanDefinitionOverrideException: Invalid bean definition with name 'alertRuleRepository' defined in com.eyenet.repository.jpa.AlertRuleRepository defined in @EnableJpaRepositories declared on EyeNetApplication: Cannot register bean definition [Root bean: class [org.springframework.data.jpa.repository.support.JpaRepositoryFactoryBean]; scope=; abstract=false; lazyInit=false; autowireMode=0; dependencyCheck=0; autowireCandidate=true; primary=false; factoryBeanName=null; factoryMethodName=null; initMethodName=null; destroyMethodName=null; defined in com.eyenet.repository.jpa.AlertRuleRepository defined in @EnableJpaRepositories declared on EyeNetApplication] for bean 'alertRuleRepository': There is already [Root bean: class [org.springframework.data.mongodb.repository.support.MongoRepositoryFactoryBean]; scope=; abstract=false; lazyInit=false; autowireMode=0; dependencyCheck=0; autowireCandidate=true; primary=false; factoryBeanName=null; factoryMethodName=null; initMethodName=null; destroyMethodName=null; defined in com.eyenet.repository.mongodb.AlertRuleRepository defined in @EnableMongoRepositories declared on EyeNetApplication] bound.

save_shouldCreateNewMetrics  Time elapsed: 0 s  <<< ERROR!
java.lang.IllegalStateException: Failed to load ApplicationContext
Caused by: org.springframework.beans.factory.support.BeanDefinitionOverrideException: Invalid bean definition with name 'alertRepository' defined in com.eyenet.repository.jpa.AlertRepository defined in @EnableJpaRepositories declared on EyeNetApplication: Cannot register bean definition [Root bean: class [org.springframework.data.jpa.repository.support.JpaRepositoryFactoryBean]; scope=; abstract=false; lazyInit=false; autowireMode=0; dependencyCheck=0; autowireCandidate=true; primary=false; factoryBeanName=null; factoryMethodName=null; initMethodName=null; destroyMethodName=null; defined in com.eyenet.repository.jpa.AlertRepository defined in @EnableJpaRepositories declared on EyeNetApplication] for bean 'alertRepository': There is already [Root bean: class [org.springframework.data.mongodb.repository.support.MongoRepositoryFactoryBean]; scope=; abstract=false; lazyInit=false; autowireMode=0; dependencyCheck=0; autowireCandidate=true; primary=false; factoryBeanName=null; factoryMethodName=null; initMethodName=null; destroyMethodName=null; defined in com.eyenet.repository.mongodb.AlertRepository defined in @EnableMongoRepositories declared on EyeNetApplication] bound.

findByTimestampBetween_shouldReturnMetrics  Time elapsed: 0 s  <<< ERROR!
java.lang.IllegalStateException: Failed to load ApplicationContext
Caused by: org.springframework.beans.factory.support.BeanDefinitionOverrideException: Invalid bean definition with name 'alertRepository' defined in com.eyenet.repository.jpa.AlertRepository defined in @EnableJpaRepositories declared on EyeNetApplication: Cannot register bean definition [Root bean: class [org.springframework.data.jpa.repository.support.JpaRepositoryFactoryBean]; scope=; abstract=false; lazyInit=false; autowireMode=0; dependencyCheck=0; autowireCandidate=true; primary=false; factoryBeanName=null; factoryMethodName=null; initMethodName=null; destroyMethodName=null; defined in com.eyenet.repository.jpa.AlertRepository defined in @EnableJpaRepositories declared on EyeNetApplication] for bean 'alertRepository': There is already [Root bean: class [org.springframework.data.mongodb.repository.support.MongoRepositoryFactoryBean]; scope=; abstract=false; lazyInit=false; autowireMode=0; dependencyCheck=0; autowireCandidate=true; primary=false; factoryBeanName=null; factoryMethodName=null; initMethodName=null; destroyMethodName=null; defined in com.eyenet.repository.mongodb.AlertRepository defined in @EnableMongoRepositories declared on EyeNetApplication] bound.

findById_shouldReturnMetrics  Time elapsed: 0 s  <<< ERROR!
java.lang.IllegalStateException: Failed to load ApplicationContext
Caused by: org.springframework.beans.factory.support.BeanDefinitionOverrideException: Invalid bean definition with name 'alertRepository' defined in com.eyenet.repository.jpa.AlertRepository defined in @EnableJpaRepositories declared on EyeNetApplication: Cannot register bean definition [Root bean: class [org.springframework.data.jpa.repository.support.JpaRepositoryFactoryBean]; scope=; abstract=false; lazyInit=false; autowireMode=0; dependencyCheck=0; autowireCandidate=true; primary=false; factoryBeanName=null; factoryMethodName=null; initMethodName=null; destroyMethodName=null; defined in com.eyenet.repository.jpa.AlertRepository defined in @EnableJpaRepositories declared on EyeNetApplication] for bean 'alertRepository': There is already [Root bean: class [org.springframework.data.mongodb.repository.support.MongoRepositoryFactoryBean]; scope=; abstract=false; lazyInit=false; autowireMode=0; dependencyCheck=0; autowireCandidate=true; primary=false; factoryBeanName=null; factoryMethodName=null; initMethodName=null; destroyMethodName=null; defined in com.eyenet.repository.mongodb.AlertRepository defined in @EnableMongoRepositories declared on EyeNetApplication] bound.

findByMemoryUsageGreaterThan_shouldReturnMetrics  Time elapsed: 0 s  <<< ERROR!
java.lang.IllegalStateException: Failed to load ApplicationContext
Caused by: org.springframework.beans.factory.support.BeanDefinitionOverrideException: Invalid bean definition with name 'departmentRepository' defined in com.eyenet.repository.jpa.DepartmentRepository defined in @EnableJpaRepositories declared on EyeNetApplication: Cannot register bean definition [Root bean: class [org.springframework.data.jpa.repository.support.JpaRepositoryFactoryBean]; scope=; abstract=false; lazyInit=false; autowireMode=0; dependencyCheck=0; autowireCandidate=true; primary=false; factoryBeanName=null; factoryMethodName=null; initMethodName=null; destroyMethodName=null; defined in com.eyenet.repository.jpa.DepartmentRepository defined in @EnableJpaRepositories declared on EyeNetApplication] for bean 'departmentRepository': There is already [Root bean: class [org.springframework.data.mongodb.repository.support.MongoRepositoryFactoryBean]; scope=; abstract=false; lazyInit=false; autowireMode=0; dependencyCheck=0; autowireCandidate=true; primary=false; factoryBeanName=null; factoryMethodName=null; initMethodName=null; destroyMethodName=null; defined in com.eyenet.repository.mongodb.DepartmentRepository defined in @EnableMongoRepositories declared on EyeNetApplication] bound.

delete_shouldRemoveMetrics  Time elapsed: 0 s  <<< ERROR!
java.lang.IllegalStateException: Failed to load ApplicationContext
Caused by: org.springframework.beans.factory.support.BeanDefinitionOverrideException: Invalid bean definition with name 'departmentRepository' defined in com.eyenet.repository.jpa.DepartmentRepository defined in @EnableJpaRepositories declared on EyeNetApplication: Cannot register bean definition [Root bean: class [org.springframework.data.jpa.repository.support.JpaRepositoryFactoryBean]; scope=; abstract=false; lazyInit=false; autowireMode=0; dependencyCheck=0; autowireCandidate=true; primary=false; factoryBeanName=null; factoryMethodName=null; initMethodName=null; destroyMethodName=null; defined in com.eyenet.repository.jpa.DepartmentRepository defined in @EnableJpaRepositories declared on EyeNetApplication] for bean 'departmentRepository': There is already [Root bean: class [org.springframework.data.mongodb.repository.support.MongoRepositoryFactoryBean]; scope=; abstract=false; lazyInit=false; autowireMode=0; dependencyCheck=0; autowireCandidate=true; primary=false; factoryBeanName=null; factoryMethodName=null; initMethodName=null; destroyMethodName=null; defined in com.eyenet.repository.mongodb.DepartmentRepository defined in @EnableMongoRepositories declared on EyeNetApplication] bound.

findByDiskUsageGreaterThan_shouldReturnMetrics  Time elapsed: 0 s  <<< ERROR!
java.lang.IllegalStateException: Failed to load ApplicationContext
Caused by: org.springframework.beans.factory.support.BeanDefinitionOverrideException: Invalid bean definition with name 'departmentRepository' defined in com.eyenet.repository.jpa.DepartmentRepository defined in @EnableJpaRepositories declared on EyeNetApplication: Cannot register bean definition [Root bean: class [org.springframework.data.jpa.repository.support.JpaRepositoryFactoryBean]; scope=; abstract=false; lazyInit=false; autowireMode=0; dependencyCheck=0; autowireCandidate=true; primary=false; factoryBeanName=null; factoryMethodName=null; initMethodName=null; destroyMethodName=null; defined in com.eyenet.repository.jpa.DepartmentRepository defined in @EnableJpaRepositories declared on EyeNetApplication] for bean 'departmentRepository': There is already [Root bean: class [org.springframework.data.mongodb.repository.support.MongoRepositoryFactoryBean]; scope=; abstract=false; lazyInit=false; autowireMode=0; dependencyCheck=0; autowireCandidate=true; primary=false; factoryBeanName=null; factoryMethodName=null; initMethodName=null; destroyMethodName=null; defined in com.eyenet.repository.mongodb.DepartmentRepository defined in @EnableMongoRepositories declared on EyeNetApplication] bound.

