<?xml version="1.0" encoding="UTF-8"?>
<testsuite xmlns:xsi="http://www.w3.org/2001/XMLSchema-instance" xsi:noNamespaceSchemaLocation="https://maven.apache.org/surefire/maven-surefire-plugin/xsd/surefire-test-report.xsd" name="com.eyenet.mapper.UserMapperTest" time="0.001" tests="4" errors="4" skipped="0" failures="0">
  <properties>
[...]
</properties>
  <testcase name="toDTO_shouldHandleNullInput" classname="com.eyenet.mapper.UserMapperTest" time="0">
    <error message="Unresolved compilation problems: &#10;	The method id(UUID) in the type UserDocument.UserDocumentBuilder is not applicable for the arguments (String)&#10;	The method id(UUID) in the type UserProfileDTO.UserProfileDTOBuilder is not applicable for the arguments (String)&#10;" type="java.lang.Error">java.lang.Error: 
Unresolved compilation problems: 
	The method id(UUID) in the type UserDocument.UserDocumentBuilder is not applicable for the arguments (String)
	The method id(UUID) in the type UserProfileDTO.UserProfileDTOBuilder is not applicable for the arguments (String)

	at com.eyenet.mapper.UserMapperTest.setUp(UserMapperTest.java:29)
</error>
  </testcase>
  <testcase name="toDocument_shouldMapAllFields" classname="com.eyenet.mapper.UserMapperTest" time="0.001">
    <error message="Unresolved compilation problems: &#10;	The method id(UUID) in the type UserDocument.UserDocumentBuilder is not applicable for the arguments (String)&#10;	The method id(UUID) in the type UserProfileDTO.UserProfileDTOBuilder is not applicable for the arguments (String)&#10;" type="java.lang.Error">java.lang.Error: 
Unresolved compilation problems: 
	The method id(UUID) in the type UserDocument.UserDocumentBuilder is not applicable for the arguments (String)
	The method id(UUID) in the type UserProfileDTO.UserProfileDTOBuilder is not applicable for the arguments (String)

	at com.eyenet.mapper.UserMapperTest.setUp(UserMapperTest.java:29)
</error>
  </testcase>
  <testcase name="toDocument_shouldHandleNullInput" classname="com.eyenet.mapper.UserMapperTest" time="0">
    <error message="Unresolved compilation problems: &#10;	The method id(UUID) in the type UserDocument.UserDocumentBuilder is not applicable for the arguments (String)&#10;	The method id(UUID) in the type UserProfileDTO.UserProfileDTOBuilder is not applicable for the arguments (String)&#10;" type="java.lang.Error">java.lang.Error: 
Unresolved compilation problems: 
	The method id(UUID) in the type UserDocument.UserDocumentBuilder is not applicable for the arguments (String)
	The method id(UUID) in the type UserProfileDTO.UserProfileDTOBuilder is not applicable for the arguments (String)

	at com.eyenet.mapper.UserMapperTest.setUp(UserMapperTest.java:29)
</error>
  </testcase>
  <testcase name="toDTO_shouldMapAllFields" classname="com.eyenet.mapper.UserMapperTest" time="0">
    <error message="Unresolved compilation problems: &#10;	The method id(UUID) in the type UserDocument.UserDocumentBuilder is not applicable for the arguments (String)&#10;	The method id(UUID) in the type UserProfileDTO.UserProfileDTOBuilder is not applicable for the arguments (String)&#10;" type="java.lang.Error">java.lang.Error: 
Unresolved compilation problems: 
	The method id(UUID) in the type UserDocument.UserDocumentBuilder is not applicable for the arguments (String)
	The method id(UUID) in the type UserProfileDTO.UserProfileDTOBuilder is not applicable for the arguments (String)

	at com.eyenet.mapper.UserMapperTest.setUp(UserMapperTest.java:29)
</error>
  </testcase>
</testsuite>